[0914/172529.409381:ERROR:file_io.cc(91)] ReadExactly: expected 8, observed 0
[0914/172529.410364:ERROR:xattr.cc(63)] setxattr org.chromium.crashpad.database.initialized on file /var/folders/10/x0tkb8rd0yl84mhcx3t01lbr43m3_9/T/: Operation not permitted (1)
[0914/172532.232992:INFO:CONSOLE(1)] "Uncaught Error: only one instance of babel-polyfill is allowed", source: https://cdnjs.cloudflare.com/ajax/libs/babel-polyfill/6.26.0/polyfill.min.js (1)
[0914/172532.509683:INFO:CONSOLE(911)] "amb.MessageClient [INFO] >>> connection exists, request satisfied", source: https://service-test.nci.nih.gov/scripts/js_includes_sp.jsx?v=07-05-2021_0913&lp=Mon_Aug_23_06_21_28_PDT_2021&c=33_773 (911)
[0914/172532.933131:INFO:CONSOLE(127)] "isReturningUser()", source: https://service-test.nci.nih.gov/scripts/js_includes_sp_libs_min.jsx?v=07-05-2021_0913&lp=Mon_Aug_23_06_21_28_PDT_2021&c=33_773 (127)
[0914/172533.004557:INFO:CONSOLE(127)] "isReturningUser() [object Object]", source: https://service-test.nci.nih.gov/scripts/js_includes_sp_libs_min.jsx?v=07-05-2021_0913&lp=Mon_Aug_23_06_21_28_PDT_2021&c=33_773 (127)
[0914/172533.213573:INFO:CONSOLE(1)] "Uncaught Error: only one instance of babel-polyfill is allowed", source: https://cdnjs.cloudflare.com/ajax/libs/babel-polyfill/6.26.0/polyfill.min.js (1)
[0914/172533.384018:INFO:CONSOLE(911)] "amb.MessageClient [INFO] >>> connection exists, request satisfied", source: https://service-test.nci.nih.gov/scripts/js_includes_sp.jsx?v=07-05-2021_0913&lp=Mon_Aug_23_06_21_28_PDT_2021&c=33_773 (911)
[0914/172536.640355:INFO:CONSOLE(1)] "Uncaught Error: only one instance of babel-polyfill is allowed", source: https://cdnjs.cloudflare.com/ajax/libs/babel-polyfill/6.26.0/polyfill.min.js (1)
[0914/172536.810616:INFO:CONSOLE(911)] "amb.MessageClient [INFO] >>> connection exists, request satisfied", source: https://service-test.nci.nih.gov/scripts/js_includes_sp.jsx?v=07-05-2021_0913&lp=Mon_Aug_23_06_21_28_PDT_2021&c=33_773 (911)
[0914/172543.273549:INFO:CONSOLE(1)] "Uncaught Error: only one instance of babel-polyfill is allowed", source: https://cdnjs.cloudflare.com/ajax/libs/babel-polyfill/6.26.0/polyfill.min.js (1)
[0914/172543.497274:INFO:CONSOLE(911)] "amb.MessageClient [INFO] >>> connection exists, request satisfied", source: https://service-test.nci.nih.gov/scripts/js_includes_sp.jsx?v=07-05-2021_0913&lp=Mon_Aug_23_06_21_28_PDT_2021&c=33_773 (911)
[0914/172544.087613:INFO:CONSOLE(4)] "/api/now/connect/support/queues/93289c5ddbe132009b0a74131f96190e", source: nci-connect-support.js (4)
[0914/172544.087831:INFO:CONSOLE(5)] "false", source: nci-connect-support.js (5)
[0914/172544.097712:INFO:CONSOLE(127)] ">>> init sysapproval_approver?state=requested^approverIN5136503cc611227c0183e96598c4f706", source: https://service-test.nci.nih.gov/scripts/js_includes_sp_libs_min.jsx?v=07-05-2021_0913&lp=Mon_Aug_23_06_21_28_PDT_2021&c=33_773 (127)
[0914/172544.098253:INFO:CONSOLE(911)] "amb.MessageClient [INFO] >>> connection exists, request satisfied", source: https://service-test.nci.nih.gov/scripts/js_includes_sp.jsx?v=07-05-2021_0913&lp=Mon_Aug_23_06_21_28_PDT_2021&c=33_773 (911)
[0914/172544.098425:INFO:CONSOLE(127)] ">>> init sc_req_item?active=true^u_requested_forDYNAMIC90d1921e5f510100a9ad2572f2b477fe^ORopened_byDYNAMIC90d1921e5f510100a9ad2572f2b477fe^ORwatch_listLIKEjavascript:gs.getUserID()", source: https://service-test.nci.nih.gov/scripts/js_includes_sp_libs_min.jsx?v=07-05-2021_0913&lp=Mon_Aug_23_06_21_28_PDT_2021&c=33_773 (127)
[0914/172544.098808:INFO:CONSOLE(911)] "amb.MessageClient [INFO] >>> connection exists, request satisfied", source: https://service-test.nci.nih.gov/scripts/js_includes_sp.jsx?v=07-05-2021_0913&lp=Mon_Aug_23_06_21_28_PDT_2021&c=33_773 (911)
[0914/172544.098970:INFO:CONSOLE(127)] ">>> init incident?active=true^caller_id=javascript:gs.getUserID()^ORopened_by=javascript:gs.getUserID()^ORwatch_listLIKEjavascript:gs.getUserID()", source: https://service-test.nci.nih.gov/scripts/js_includes_sp_libs_min.jsx?v=07-05-2021_0913&lp=Mon_Aug_23_06_21_28_PDT_2021&c=33_773 (127)
[0914/172544.099244:INFO:CONSOLE(911)] "amb.MessageClient [INFO] >>> connection exists, request satisfied", source: https://service-test.nci.nih.gov/scripts/js_includes_sp.jsx?v=07-05-2021_0913&lp=Mon_Aug_23_06_21_28_PDT_2021&c=33_773 (911)
[0914/172544.099389:INFO:CONSOLE(127)] ">>> init task?active=true^sys_class_name=task^u_requested_forDYNAMIC90d1921e5f510100a9ad2572f2b477fe", source: https://service-test.nci.nih.gov/scripts/js_includes_sp_libs_min.jsx?v=07-05-2021_0913&lp=Mon_Aug_23_06_21_28_PDT_2021&c=33_773 (127)
[0914/172544.099667:INFO:CONSOLE(911)] "amb.MessageClient [INFO] >>> connection exists, request satisfied", source: https://service-test.nci.nih.gov/scripts/js_includes_sp.jsx?v=07-05-2021_0913&lp=Mon_Aug_23_06_21_28_PDT_2021&c=33_773 (911)
[0914/172544.236308:INFO:CONSOLE(127)] "(authIntercepter) User has been logged out", source: https://service-test.nci.nih.gov/scripts/js_includes_sp_libs_min.jsx?v=07-05-2021_0913&lp=Mon_Aug_23_06_21_28_PDT_2021&c=33_773 (127)
[0914/172544.249409:INFO:CONSOLE(127)] "(authIntercepter) User has been logged out", source: https://service-test.nci.nih.gov/scripts/js_includes_sp_libs_min.jsx?v=07-05-2021_0913&lp=Mon_Aug_23_06_21_28_PDT_2021&c=33_773 (127)
[0914/172547.982774:INFO:CONSOLE(846)] "*** simpleStorageSynch, size: 0", source: https://service-test.nci.nih.gov/scripts/doctype/js_includes_doctype.jsx?v=07-05-2021_0913&lp=Mon_Aug_23_06_21_28_PDT_2021&c=33_773 (846)
[0914/172547.984627:INFO:CONSOLE(15598)] "Synchronous XMLHttpRequest on the main thread is deprecated because of its detrimental effects to the end user's experience. For more help, check https://xhr.spec.whatwg.org/.", source: https://service-test.nci.nih.gov/scripts/doctype/js_includes_doctype.jsx?v=07-05-2021_0913&lp=Mon_Aug_23_06_21_28_PDT_2021&c=33_773 (15598)
[0914/172548.051389:INFO:CONSOLE(846)] "[00:00:00.068] *** WARNING *** GlideAjax.getXMLWait - synchronous function - processor: SysMessageAjax", source: https://service-test.nci.nih.gov/scripts/doctype/js_includes_doctype.jsx?v=07-05-2021_0913&lp=Mon_Aug_23_06_21_28_PDT_2021&c=33_773 (846)
[0914/172548.051518:INFO:CONSOLE(15533)] "%c *** WARNING *** GlideAjax.getXMLWait - synchronous function - processor: SysMessageAjax background: darkred; color: white;", source: https://service-test.nci.nih.gov/scripts/doctype/js_includes_doctype.jsx?v=07-05-2021_0913&lp=Mon_Aug_23_06_21_28_PDT_2021&c=33_773 (15533)
[0914/172548.074998:INFO:CONSOLE(2788)] "Uncaught ReferenceError: angular is not defined", source: https://service-test.nci.nih.gov/scripts/js_includes_customer.jsx?v=07-05-2021_0913&lp=Mon_Aug_23_06_21_28_PDT_2021&c=33_773 (2788)
[0914/172548.095675:INFO:CONSOLE(846)] "running inline scripts, count: 0", source: https://service-test.nci.nih.gov/scripts/doctype/js_includes_doctype.jsx?v=07-05-2021_0913&lp=Mon_Aug_23_06_21_28_PDT_2021&c=33_773 (846)
[0914/172548.095784:INFO:CONSOLE(846)] "runBeforeRender", source: https://service-test.nci.nih.gov/scripts/doctype/js_includes_doctype.jsx?v=07-05-2021_0913&lp=Mon_Aug_23_06_21_28_PDT_2021&c=33_773 (846)
[0914/172548.096582:INFO:CONSOLE(846)] "runAfterAllLoaded, functions: 8", source: https://service-test.nci.nih.gov/scripts/doctype/js_includes_doctype.jsx?v=07-05-2021_0913&lp=Mon_Aug_23_06_21_28_PDT_2021&c=33_773 (846)
[0914/172548.097412:INFO:CONSOLE(846)] "fireAllChangeHandlers start", source: https://service-test.nci.nih.gov/scripts/doctype/js_includes_doctype.jsx?v=07-05-2021_0913&lp=Mon_Aug_23_06_21_28_PDT_2021&c=33_773 (846)
[0914/172548.097515:INFO:CONSOLE(846)] "fireAllChangeHandlers end", source: https://service-test.nci.nih.gov/scripts/doctype/js_includes_doctype.jsx?v=07-05-2021_0913&lp=Mon_Aug_23_06_21_28_PDT_2021&c=33_773 (846)
[0914/172548.097583:INFO:CONSOLE(846)] "late load functions: 4", source: https://service-test.nci.nih.gov/scripts/doctype/js_includes_doctype.jsx?v=07-05-2021_0913&lp=Mon_Aug_23_06_21_28_PDT_2021&c=33_773 (846)
[0914/172548.098185:INFO:CONSOLE(846)] "Clearing event handlers reference cache", source: https://service-test.nci.nih.gov/scripts/doctype/js_includes_doctype.jsx?v=07-05-2021_0913&lp=Mon_Aug_23_06_21_28_PDT_2021&c=33_773 (846)
[0914/172548.098273:INFO:CONSOLE(846)] "[00:00:00.002] runAfterAllLoaded finished", source: https://service-test.nci.nih.gov/scripts/doctype/js_includes_doctype.jsx?v=07-05-2021_0913&lp=Mon_Aug_23_06_21_28_PDT_2021&c=33_773 (846)
[0914/172548.100251:INFO:CONSOLE(156)] "+-- Parse times", source: https://service-test.nci.nih.gov/auth_redirect.do?sysparm_stack=no&sysparm_url=https%3A%2F%2Fauthtest.nih.gov%2Faffwebservices%2Fpublic%2Fsaml2sso%3FSAMLRequest%3DjVLBboJAFPwVsndAUWvdCAnVNDWxlgjtobeFfegmsEv3Ldj%252BfRFotBfb69t5M%252FNmdomsLLyKhrU5yj181IDG%252BiwLibR%252F8UmtJVUMBVLJSkBqMhqHz1vqOSNaaWVUpgpihYigjVBypSTWJegYdCMyeN1vfXI0pkLqutjPbNOqODITjhRH56Aal1jrdiQkOzNc8Kx11WMHHMvzE6QDDbpVnRYiczuniIpYj0pn0N3ik5wVCMTarH0S71aczzO24GwyYzwHyO94muawSCcwgfF9zlsgRgxRNHBZRaxhI9EwaXzijbyxPVrY42nijak3o9O5M%252FHu34kVDSk8CMmFPNyOLO1BSJ%252BSJLKjlzjpCBrBQe9a9L%252FSegONXVItIwmWXQC0s6uv27vthP1URoK%252FJJfutcQgWNGz3806Um0JX1ZYFOq00sBMe4PRNXR1lMzcdnGeCG7nHZRW58PQgDTEDQbV378z%252BAY%253D%26RelayState%3Dhttps%3A%2F%2Fservice-test.nci.nih.gov%2F%26SigAlg%3Dhttp%253A%252F%252Fwww.w3.org%252F2000%252F09%252Fxmldsig%2523rsa-sha1%26Signature%3DdjNVZLOm%252BUtLr9A5jWlIYe1uDHmXt9XeTEth61Df2GdwiFD5ud995WLzV7fB6zU3IB8jIsLPcb0shzFyQid1pgUpGjfSRwfyDitm68dXQRGG0%252FnxEguZzYHS8UqIWwnHeehtG2qUiM98%252FZJLU%252FgTBoEniqYCMsyyUzGumqY%252Fhuw%253D (156)
[0914/172548.100364:INFO:CONSOLE(157)] "| CSS parse: 136.3999999910593", source: https://service-test.nci.nih.gov/auth_redirect.do?sysparm_stack=no&sysparm_url=https%3A%2F%2Fauthtest.nih.gov%2Faffwebservices%2Fpublic%2Fsaml2sso%3FSAMLRequest%3DjVLBboJAFPwVsndAUWvdCAnVNDWxlgjtobeFfegmsEv3Ldj%252BfRFotBfb69t5M%252FNmdomsLLyKhrU5yj181IDG%252BiwLibR%252F8UmtJVUMBVLJSkBqMhqHz1vqOSNaaWVUpgpihYigjVBypSTWJegYdCMyeN1vfXI0pkLqutjPbNOqODITjhRH56Aal1jrdiQkOzNc8Kx11WMHHMvzE6QDDbpVnRYiczuniIpYj0pn0N3ik5wVCMTarH0S71aczzO24GwyYzwHyO94muawSCcwgfF9zlsgRgxRNHBZRaxhI9EwaXzijbyxPVrY42nijak3o9O5M%252FHu34kVDSk8CMmFPNyOLO1BSJ%252BSJLKjlzjpCBrBQe9a9L%252FSegONXVItIwmWXQC0s6uv27vthP1URoK%252FJJfutcQgWNGz3806Um0JX1ZYFOq00sBMe4PRNXR1lMzcdnGeCG7nHZRW58PQgDTEDQbV378z%252BAY%253D%26RelayState%3Dhttps%3A%2F%2Fservice-test.nci.nih.gov%2F%26SigAlg%3Dhttp%253A%252F%252Fwww.w3.org%252F2000%252F09%252Fxmldsig%2523rsa-sha1%26Signature%3DdjNVZLOm%252BUtLr9A5jWlIYe1uDHmXt9XeTEth61Df2GdwiFD5ud995WLzV7fB6zU3IB8jIsLPcb0shzFyQid1pgUpGjfSRwfyDitm68dXQRGG0%252FnxEguZzYHS8UqIWwnHeehtG2qUiM98%252FZJLU%252FgTBoEniqYCMsyyUzGumqY%252Fhuw%253D (157)
[0914/172548.100457:INFO:CONSOLE(158)] "| JS  doctype: 411.90000000596046", source: https://service-test.nci.nih.gov/auth_redirect.do?sysparm_stack=no&sysparm_url=https%3A%2F%2Fauthtest.nih.gov%2Faffwebservices%2Fpublic%2Fsaml2sso%3FSAMLRequest%3DjVLBboJAFPwVsndAUWvdCAnVNDWxlgjtobeFfegmsEv3Ldj%252BfRFotBfb69t5M%252FNmdomsLLyKhrU5yj181IDG%252BiwLibR%252F8UmtJVUMBVLJSkBqMhqHz1vqOSNaaWVUpgpihYigjVBypSTWJegYdCMyeN1vfXI0pkLqutjPbNOqODITjhRH56Aal1jrdiQkOzNc8Kx11WMHHMvzE6QDDbpVnRYiczuniIpYj0pn0N3ik5wVCMTarH0S71aczzO24GwyYzwHyO94muawSCcwgfF9zlsgRgxRNHBZRaxhI9EwaXzijbyxPVrY42nijak3o9O5M%252FHu34kVDSk8CMmFPNyOLO1BSJ%252BSJLKjlzjpCBrBQe9a9L%252FSegONXVItIwmWXQC0s6uv27vthP1URoK%252FJJfutcQgWNGz3806Um0JX1ZYFOq00sBMe4PRNXR1lMzcdnGeCG7nHZRW58PQgDTEDQbV378z%252BAY%253D%26RelayState%3Dhttps%3A%2F%2Fservice-test.nci.nih.gov%2F%26SigAlg%3Dhttp%253A%252F%252Fwww.w3.org%252F2000%252F09%252Fxmldsig%2523rsa-sha1%26Signature%3DdjNVZLOm%252BUtLr9A5jWlIYe1uDHmXt9XeTEth61Df2GdwiFD5ud995WLzV7fB6zU3IB8jIsLPcb0shzFyQid1pgUpGjfSRwfyDitm68dXQRGG0%252FnxEguZzYHS8UqIWwnHeehtG2qUiM98%252FZJLU%252FgTBoEniqYCMsyyUzGumqY%252Fhuw%253D (158)
[0914/172548.100526:INFO:CONSOLE(159)] "| JS at end of page: 17", source: https://service-test.nci.nih.gov/auth_redirect.do?sysparm_stack=no&sysparm_url=https%3A%2F%2Fauthtest.nih.gov%2Faffwebservices%2Fpublic%2Fsaml2sso%3FSAMLRequest%3DjVLBboJAFPwVsndAUWvdCAnVNDWxlgjtobeFfegmsEv3Ldj%252BfRFotBfb69t5M%252FNmdomsLLyKhrU5yj181IDG%252BiwLibR%252F8UmtJVUMBVLJSkBqMhqHz1vqOSNaaWVUpgpihYigjVBypSTWJegYdCMyeN1vfXI0pkLqutjPbNOqODITjhRH56Aal1jrdiQkOzNc8Kx11WMHHMvzE6QDDbpVnRYiczuniIpYj0pn0N3ik5wVCMTarH0S71aczzO24GwyYzwHyO94muawSCcwgfF9zlsgRgxRNHBZRaxhI9EwaXzijbyxPVrY42nijak3o9O5M%252FHu34kVDSk8CMmFPNyOLO1BSJ%252BSJLKjlzjpCBrBQe9a9L%252FSegONXVItIwmWXQC0s6uv27vthP1URoK%252FJJfutcQgWNGz3806Um0JX1ZYFOq00sBMe4PRNXR1lMzcdnGeCG7nHZRW58PQgDTEDQbV378z%252BAY%253D%26RelayState%3Dhttps%3A%2F%2Fservice-test.nci.nih.gov%2F%26SigAlg%3Dhttp%253A%252F%252Fwww.w3.org%252F2000%252F09%252Fxmldsig%2523rsa-sha1%26Signature%3DdjNVZLOm%252BUtLr9A5jWlIYe1uDHmXt9XeTEth61Df2GdwiFD5ud995WLzV7fB6zU3IB8jIsLPcb0shzFyQid1pgUpGjfSRwfyDitm68dXQRGG0%252FnxEguZzYHS8UqIWwnHeehtG2qUiM98%252FZJLU%252FgTBoEniqYCMsyyUzGumqY%252Fhuw%253D (159)
[0914/172548.100605:INFO:CONSOLE(160)] "+-- All parsing: 565.2999999970198", source: https://service-test.nci.nih.gov/auth_redirect.do?sysparm_stack=no&sysparm_url=https%3A%2F%2Fauthtest.nih.gov%2Faffwebservices%2Fpublic%2Fsaml2sso%3FSAMLRequest%3DjVLBboJAFPwVsndAUWvdCAnVNDWxlgjtobeFfegmsEv3Ldj%252BfRFotBfb69t5M%252FNmdomsLLyKhrU5yj181IDG%252BiwLibR%252F8UmtJVUMBVLJSkBqMhqHz1vqOSNaaWVUpgpihYigjVBypSTWJegYdCMyeN1vfXI0pkLqutjPbNOqODITjhRH56Aal1jrdiQkOzNc8Kx11WMHHMvzE6QDDbpVnRYiczuniIpYj0pn0N3ik5wVCMTarH0S71aczzO24GwyYzwHyO94muawSCcwgfF9zlsgRgxRNHBZRaxhI9EwaXzijbyxPVrY42nijak3o9O5M%252FHu34kVDSk8CMmFPNyOLO1BSJ%252BSJLKjlzjpCBrBQe9a9L%252FSegONXVItIwmWXQC0s6uv27vthP1URoK%252FJJfutcQgWNGz3806Um0JX1ZYFOq00sBMe4PRNXR1lMzcdnGeCG7nHZRW58PQgDTEDQbV378z%252BAY%253D%26RelayState%3Dhttps%3A%2F%2Fservice-test.nci.nih.gov%2F%26SigAlg%3Dhttp%253A%252F%252Fwww.w3.org%252F2000%252F09%252Fxmldsig%2523rsa-sha1%26Signature%3DdjNVZLOm%252BUtLr9A5jWlIYe1uDHmXt9XeTEth61Df2GdwiFD5ud995WLzV7fB6zU3IB8jIsLPcb0shzFyQid1pgUpGjfSRwfyDitm68dXQRGG0%252FnxEguZzYHS8UqIWwnHeehtG2qUiM98%252FZJLU%252FgTBoEniqYCMsyyUzGumqY%252Fhuw%253D (160)
[0914/172548.127955:INFO:CONSOLE(846)] "after page loaded starting", source: https://service-test.nci.nih.gov/scripts/doctype/js_includes_doctype.jsx?v=07-05-2021_0913&lp=Mon_Aug_23_06_21_28_PDT_2021&c=33_773 (846)
[0914/172548.129087:INFO:CONSOLE(846)] "[00:00:00.001] after page loaded complete, functions called: 5", source: https://service-test.nci.nih.gov/scripts/doctype/js_includes_doctype.jsx?v=07-05-2021_0913&lp=Mon_Aug_23_06_21_28_PDT_2021&c=33_773 (846)
[0914/172552.751436:INFO:CONSOLE(1)] "Uncaught Error: only one instance of babel-polyfill is allowed", source: https://cdnjs.cloudflare.com/ajax/libs/babel-polyfill/6.26.0/polyfill.min.js (1)
[0914/172553.002453:INFO:CONSOLE(911)] "amb.MessageClient [INFO] >>> connection exists, request satisfied", source: https://service-test.nci.nih.gov/scripts/js_includes_sp.jsx?v=07-05-2021_0913&lp=Mon_Aug_23_06_21_28_PDT_2021&c=33_773 (911)
[0914/172554.194822:INFO:CONSOLE(4)] "/api/now/connect/support/queues/93289c5ddbe132009b0a74131f96190e", source: nci-connect-support.js (4)
[0914/172554.195142:INFO:CONSOLE(5)] "false", source: nci-connect-support.js (5)
[0914/172554.203814:INFO:CONSOLE(5938)] ">>> init sysapproval_approver?state=requested^approverIN8e4a8a06db1748505156362f7c961953", source: https://service-test.nci.nih.gov/scripts/js_includes_sp_libs.jsx?v=07-05-2021_0913&lp=Mon_Aug_23_06_21_28_PDT_2021&c=33_773 (5938)
[0914/172554.204140:INFO:CONSOLE(911)] "amb.MessageClient [INFO] >>> connection exists, request satisfied", source: https://service-test.nci.nih.gov/scripts/js_includes_sp.jsx?v=07-05-2021_0913&lp=Mon_Aug_23_06_21_28_PDT_2021&c=33_773 (911)
[0914/172554.204464:INFO:CONSOLE(5938)] ">>> init sc_req_item?active=true^u_requested_forDYNAMIC90d1921e5f510100a9ad2572f2b477fe^ORopened_byDYNAMIC90d1921e5f510100a9ad2572f2b477fe^ORwatch_listLIKEjavascript:gs.getUserID()", source: https://service-test.nci.nih.gov/scripts/js_includes_sp_libs.jsx?v=07-05-2021_0913&lp=Mon_Aug_23_06_21_28_PDT_2021&c=33_773 (5938)
[0914/172554.204870:INFO:CONSOLE(911)] "amb.MessageClient [INFO] >>> connection exists, request satisfied", source: https://service-test.nci.nih.gov/scripts/js_includes_sp.jsx?v=07-05-2021_0913&lp=Mon_Aug_23_06_21_28_PDT_2021&c=33_773 (911)
[0914/172554.205095:INFO:CONSOLE(5938)] ">>> init incident?active=true^caller_id=javascript:gs.getUserID()^ORopened_by=javascript:gs.getUserID()^ORwatch_listLIKEjavascript:gs.getUserID()", source: https://service-test.nci.nih.gov/scripts/js_includes_sp_libs.jsx?v=07-05-2021_0913&lp=Mon_Aug_23_06_21_28_PDT_2021&c=33_773 (5938)
[0914/172554.205479:INFO:CONSOLE(911)] "amb.MessageClient [INFO] >>> connection exists, request satisfied", source: https://service-test.nci.nih.gov/scripts/js_includes_sp.jsx?v=07-05-2021_0913&lp=Mon_Aug_23_06_21_28_PDT_2021&c=33_773 (911)
[0914/172554.205663:INFO:CONSOLE(5938)] ">>> init task?active=true^sys_class_name=task^u_requested_forDYNAMIC90d1921e5f510100a9ad2572f2b477fe", source: https://service-test.nci.nih.gov/scripts/js_includes_sp_libs.jsx?v=07-05-2021_0913&lp=Mon_Aug_23_06_21_28_PDT_2021&c=33_773 (5938)
[0914/172554.205918:INFO:CONSOLE(911)] "amb.MessageClient [INFO] >>> connection exists, request satisfied", source: https://service-test.nci.nih.gov/scripts/js_includes_sp.jsx?v=07-05-2021_0913&lp=Mon_Aug_23_06_21_28_PDT_2021&c=33_773 (911)
[0914/172554.413595:INFO:CONSOLE(5938)] ">>> init task?active=true^sys_class_name=task^u_requested_for=8e4a8a06db1748505156362f7c961953", source: https://service-test.nci.nih.gov/scripts/js_includes_sp_libs.jsx?v=07-05-2021_0913&lp=Mon_Aug_23_06_21_28_PDT_2021&c=33_773 (5938)
[0914/172554.413815:INFO:CONSOLE(911)] "amb.MessageClient [INFO] >>> connection exists, request satisfied", source: https://service-test.nci.nih.gov/scripts/js_includes_sp.jsx?v=07-05-2021_0913&lp=Mon_Aug_23_06_21_28_PDT_2021&c=33_773 (911)
[0914/172554.414007:INFO:CONSOLE(5938)] ">>> init incident?active=true^caller_id=8e4a8a06db1748505156362f7c961953^ORopened_by=8e4a8a06db1748505156362f7c961953", source: https://service-test.nci.nih.gov/scripts/js_includes_sp_libs.jsx?v=07-05-2021_0913&lp=Mon_Aug_23_06_21_28_PDT_2021&c=33_773 (5938)
[0914/172554.414215:INFO:CONSOLE(911)] "amb.MessageClient [INFO] >>> connection exists, request satisfied", source: https://service-test.nci.nih.gov/scripts/js_includes_sp.jsx?v=07-05-2021_0913&lp=Mon_Aug_23_06_21_28_PDT_2021&c=33_773 (911)
[0914/172554.414389:INFO:CONSOLE(5938)] ">>> init sc_req_item?active=true^requested_for=8e4a8a06db1748505156362f7c961953^ORopened_by=8e4a8a06db1748505156362f7c961953", source: https://service-test.nci.nih.gov/scripts/js_includes_sp_libs.jsx?v=07-05-2021_0913&lp=Mon_Aug_23_06_21_28_PDT_2021&c=33_773 (5938)
[0914/172554.414817:INFO:CONSOLE(911)] "amb.MessageClient [INFO] >>> connection exists, request satisfied", source: https://service-test.nci.nih.gov/scripts/js_includes_sp.jsx?v=07-05-2021_0913&lp=Mon_Aug_23_06_21_28_PDT_2021&c=33_773 (911)
[0914/172554.414953:INFO:CONSOLE(5938)] ">>> init sysapproval_approver?approverIN8e4a8a06db1748505156362f7c961953^state=requested", source: https://service-test.nci.nih.gov/scripts/js_includes_sp_libs.jsx?v=07-05-2021_0913&lp=Mon_Aug_23_06_21_28_PDT_2021&c=33_773 (5938)
[0914/172554.415191:INFO:CONSOLE(911)] "amb.MessageClient [INFO] >>> connection exists, request satisfied", source: https://service-test.nci.nih.gov/scripts/js_includes_sp.jsx?v=07-05-2021_0913&lp=Mon_Aug_23_06_21_28_PDT_2021&c=33_773 (911)
[0914/172554.415406:INFO:CONSOLE(5938)] ">>> init incident?active=true^watch_listLIKE8e4a8a06db1748505156362f7c961953", source: https://service-test.nci.nih.gov/scripts/js_includes_sp_libs.jsx?v=07-05-2021_0913&lp=Mon_Aug_23_06_21_28_PDT_2021&c=33_773 (5938)
[0914/172554.415693:INFO:CONSOLE(911)] "amb.MessageClient [INFO] >>> connection exists, request satisfied", source: https://service-test.nci.nih.gov/scripts/js_includes_sp.jsx?v=07-05-2021_0913&lp=Mon_Aug_23_06_21_28_PDT_2021&c=33_773 (911)
[0914/172554.415858:INFO:CONSOLE(5938)] ">>> init sc_req_item?active=true^watch_listLIKE8e4a8a06db1748505156362f7c961953", source: https://service-test.nci.nih.gov/scripts/js_includes_sp_libs.jsx?v=07-05-2021_0913&lp=Mon_Aug_23_06_21_28_PDT_2021&c=33_773 (5938)
[0914/172554.416091:INFO:CONSOLE(911)] "amb.MessageClient [INFO] >>> connection exists, request satisfied", source: https://service-test.nci.nih.gov/scripts/js_includes_sp.jsx?v=07-05-2021_0913&lp=Mon_Aug_23_06_21_28_PDT_2021&c=33_773 (911)
[0914/172558.895094:INFO:CONSOLE(3287)] "amb.MessageClient [INFO] >>> connection exists, request satisfied", source: https://service-test.nci.nih.gov/scripts/sn/concourse/js_includes_concourse.jsx?v=07-05-2021_0913&lp=Mon_Aug_23_06_21_28_PDT_2021&c=33_773 (3287)
[0914/172559.105068:INFO:CONSOLE(83)] "No Configuration found", source: https://service-test.nci.nih.gov/scripts/js_includes_openframe.jsx?v=07-05-2021_0913&lp=Mon_Aug_23_06_21_28_PDT_2021&c=33_773 (83)
[0914/172559.230807:INFO:CONSOLE(2788)] "Uncaught ReferenceError: angular is not defined", source: https://service-test.nci.nih.gov/scripts/js_includes_customer.jsx?v=07-05-2021_0913&lp=Mon_Aug_23_06_21_28_PDT_2021&c=33_773 (2788)
[0914/172603.754436:INFO:CONSOLE(19)] "Unrecognized feature: '{{iframeAllow}}'.", source: https://service-test.nci.nih.gov/scripts/sn/concourse/js_includes_concourse.jsx?v=07-05-2021_0913&lp=Mon_Aug_23_06_21_28_PDT_2021&c=33_773 (19)
[0914/172604.140187:INFO:CONSOLE(23522)] "running inline scripts, count: 0", source: https://service-test.nci.nih.gov/scripts/sn/concourse/js_includes_concourse.jsx?v=07-05-2021_0913&lp=Mon_Aug_23_06_21_28_PDT_2021&c=33_773 (23522)
[0914/172604.141307:INFO:CONSOLE(23522)] "runBeforeRender", source: https://service-test.nci.nih.gov/scripts/sn/concourse/js_includes_concourse.jsx?v=07-05-2021_0913&lp=Mon_Aug_23_06_21_28_PDT_2021&c=33_773 (23522)
[0914/172604.143907:INFO:CONSOLE(23522)] "runAfterAllLoaded, functions: 8", source: https://service-test.nci.nih.gov/scripts/sn/concourse/js_includes_concourse.jsx?v=07-05-2021_0913&lp=Mon_Aug_23_06_21_28_PDT_2021&c=33_773 (23522)
[0914/172604.147393:INFO:CONSOLE(23522)] "fireAllChangeHandlers start", source: https://service-test.nci.nih.gov/scripts/sn/concourse/js_includes_concourse.jsx?v=07-05-2021_0913&lp=Mon_Aug_23_06_21_28_PDT_2021&c=33_773 (23522)
[0914/172604.147488:INFO:CONSOLE(23522)] "fireAllChangeHandlers end", source: https://service-test.nci.nih.gov/scripts/sn/concourse/js_includes_concourse.jsx?v=07-05-2021_0913&lp=Mon_Aug_23_06_21_28_PDT_2021&c=33_773 (23522)
[0914/172604.147653:INFO:CONSOLE(23522)] "late load functions: 4", source: https://service-test.nci.nih.gov/scripts/sn/concourse/js_includes_concourse.jsx?v=07-05-2021_0913&lp=Mon_Aug_23_06_21_28_PDT_2021&c=33_773 (23522)
[0914/172604.148670:INFO:CONSOLE(23522)] "Clearing event handlers reference cache", source: https://service-test.nci.nih.gov/scripts/sn/concourse/js_includes_concourse.jsx?v=07-05-2021_0913&lp=Mon_Aug_23_06_21_28_PDT_2021&c=33_773 (23522)
[0914/172604.148876:INFO:CONSOLE(23522)] "[00:00:00.005] runAfterAllLoaded finished", source: https://service-test.nci.nih.gov/scripts/sn/concourse/js_includes_concourse.jsx?v=07-05-2021_0913&lp=Mon_Aug_23_06_21_28_PDT_2021&c=33_773 (23522)
[0914/172604.150710:INFO:CONSOLE(156)] "+-- Parse times", source: https://service-test.nci.nih.gov/home.do (156)
[0914/172604.150799:INFO:CONSOLE(157)] "| CSS parse: 22.700000002980232", source: https://service-test.nci.nih.gov/home.do (157)
[0914/172604.150866:INFO:CONSOLE(158)] "| JS  doctype: 88.59999999403954", source: https://service-test.nci.nih.gov/home.do (158)
[0914/172604.150927:INFO:CONSOLE(159)] "| JS at end of page: 15.599999994039536", source: https://service-test.nci.nih.gov/home.do (159)
[0914/172604.150985:INFO:CONSOLE(160)] "+-- All parsing: 126.8999999910593", source: https://service-test.nci.nih.gov/home.do (160)
[0914/172604.203020:INFO:CONSOLE(23522)] "after page loaded starting", source: https://service-test.nci.nih.gov/scripts/sn/concourse/js_includes_concourse.jsx?v=07-05-2021_0913&lp=Mon_Aug_23_06_21_28_PDT_2021&c=33_773 (23522)
[0914/172604.208531:INFO:CONSOLE(23522)] "[00:00:00.005] after page loaded complete, functions called: 5", source: https://service-test.nci.nih.gov/scripts/sn/concourse/js_includes_concourse.jsx?v=07-05-2021_0913&lp=Mon_Aug_23_06_21_28_PDT_2021&c=33_773 (23522)
[0914/172606.889700:INFO:CONSOLE(1499)] "Synchronous XMLHttpRequest on the main thread is deprecated because of its detrimental effects to the end user's experience. For more help, check https://xhr.spec.whatwg.org/.", source: https://service-test.nci.nih.gov/scripts/includes/js_includes_dashboards.jsx?v=07-05-2021_0913&lp=Mon_Aug_23_06_21_28_PDT_2021&c=33_773 (1499)
[0914/172607.308741:INFO:CONSOLE(23522)] "running inline scripts, count: 0", source: https://service-test.nci.nih.gov/scripts/sn/concourse/js_includes_concourse.jsx?v=07-05-2021_0913&lp=Mon_Aug_23_06_21_28_PDT_2021&c=33_773 (23522)
[0914/172607.308977:INFO:CONSOLE(23522)] "runBeforeRender", source: https://service-test.nci.nih.gov/scripts/sn/concourse/js_includes_concourse.jsx?v=07-05-2021_0913&lp=Mon_Aug_23_06_21_28_PDT_2021&c=33_773 (23522)
[0914/172607.311059:INFO:CONSOLE(23522)] "runAfterAllLoaded, functions: 5", source: https://service-test.nci.nih.gov/scripts/sn/concourse/js_includes_concourse.jsx?v=07-05-2021_0913&lp=Mon_Aug_23_06_21_28_PDT_2021&c=33_773 (23522)
[0914/172607.311448:INFO:CONSOLE(23522)] "late load functions: 2", source: https://service-test.nci.nih.gov/scripts/sn/concourse/js_includes_concourse.jsx?v=07-05-2021_0913&lp=Mon_Aug_23_06_21_28_PDT_2021&c=33_773 (23522)
[0914/172607.311765:INFO:CONSOLE(23522)] "[00:00:00.001] runAfterAllLoaded finished", source: https://service-test.nci.nih.gov/scripts/sn/concourse/js_includes_concourse.jsx?v=07-05-2021_0913&lp=Mon_Aug_23_06_21_28_PDT_2021&c=33_773 (23522)
[0914/172607.342594:INFO:CONSOLE(23522)] "after page loaded starting", source: https://service-test.nci.nih.gov/scripts/sn/concourse/js_includes_concourse.jsx?v=07-05-2021_0913&lp=Mon_Aug_23_06_21_28_PDT_2021&c=33_773 (23522)
[0914/172607.343769:INFO:CONSOLE(23522)] "[00:00:00.001] after page loaded complete, functions called: 3", source: https://service-test.nci.nih.gov/scripts/sn/concourse/js_includes_concourse.jsx?v=07-05-2021_0913&lp=Mon_Aug_23_06_21_28_PDT_2021&c=33_773 (23522)
[0914/172607.631773:INFO:CONSOLE(4)] "Trying to render report on portal page: Enrollment Types by Study", source:  (4)
[0914/172607.684397:INFO:CONSOLE(24)] "Report rendered in 53ms", source:  (24)
[0914/172607.937155:INFO:CONSOLE(23522)] "running inline scripts, count: 0", source: https://service-test.nci.nih.gov/scripts/sn/concourse/js_includes_concourse.jsx?v=07-05-2021_0913&lp=Mon_Aug_23_06_21_28_PDT_2021&c=33_773 (23522)
[0914/172607.937364:INFO:CONSOLE(23522)] "runBeforeRender", source: https://service-test.nci.nih.gov/scripts/sn/concourse/js_includes_concourse.jsx?v=07-05-2021_0913&lp=Mon_Aug_23_06_21_28_PDT_2021&c=33_773 (23522)
[0914/172607.937646:INFO:CONSOLE(23522)] "Redundant call to runAfterAllLoaded", source: https://service-test.nci.nih.gov/scripts/sn/concourse/js_includes_concourse.jsx?v=07-05-2021_0913&lp=Mon_Aug_23_06_21_28_PDT_2021&c=33_773 (23522)
[0914/172608.309902:INFO:CONSOLE(23522)] "[00:00:00.003] Reclone headers", source: https://service-test.nci.nih.gov/scripts/sn/concourse/js_includes_concourse.jsx?v=07-05-2021_0913&lp=Mon_Aug_23_06_21_28_PDT_2021&c=33_773 (23522)
[0914/172608.438943:INFO:CONSOLE(23522)] "running inline scripts, count: 0", source: https://service-test.nci.nih.gov/scripts/sn/concourse/js_includes_concourse.jsx?v=07-05-2021_0913&lp=Mon_Aug_23_06_21_28_PDT_2021&c=33_773 (23522)
[0914/172608.439072:INFO:CONSOLE(23522)] "runBeforeRender", source: https://service-test.nci.nih.gov/scripts/sn/concourse/js_includes_concourse.jsx?v=07-05-2021_0913&lp=Mon_Aug_23_06_21_28_PDT_2021&c=33_773 (23522)
[0914/172608.439309:INFO:CONSOLE(23522)] "Redundant call to runAfterAllLoaded", source: https://service-test.nci.nih.gov/scripts/sn/concourse/js_includes_concourse.jsx?v=07-05-2021_0913&lp=Mon_Aug_23_06_21_28_PDT_2021&c=33_773 (23522)
[0914/172608.444915:INFO:CONSOLE(23522)] "[00:00:00.003] GwtListEditor onTableLoad, tables examined: 1", source: https://service-test.nci.nih.gov/scripts/sn/concourse/js_includes_concourse.jsx?v=07-05-2021_0913&lp=Mon_Aug_23_06_21_28_PDT_2021&c=33_773 (23522)
[0914/172608.898490:INFO:CONSOLE(3287)] "amb.MessageClient [INFO] >>> connection exists, request satisfied", source: https://service-test.nci.nih.gov/scripts/sn/concourse/js_includes_concourse.jsx?v=07-05-2021_0913&lp=Mon_Aug_23_06_21_28_PDT_2021&c=33_773 (3287)
[0914/172644.847024:INFO:CONSOLE(23522)] "Unloaded table does not match current table x_naci_family_coho_family_history_details", source: https://service-test.nci.nih.gov/scripts/sn/concourse/js_includes_concourse.jsx?v=07-05-2021_0913&lp=Mon_Aug_23_06_21_28_PDT_2021&c=33_773 (23522)
[0914/172644.928954:INFO:CONSOLE(2788)] "Uncaught ReferenceError: angular is not defined", source: https://service-test.nci.nih.gov/scripts/js_includes_customer.jsx?v=07-05-2021_0913&lp=Mon_Aug_23_06_21_28_PDT_2021&c=33_773 (2788)
[0914/172645.041870:INFO:CONSOLE(23522)] "running inline scripts, count: 0", source: https://service-test.nci.nih.gov/scripts/sn/concourse/js_includes_concourse.jsx?v=07-05-2021_0913&lp=Mon_Aug_23_06_21_28_PDT_2021&c=33_773 (23522)
[0914/172645.041982:INFO:CONSOLE(23522)] "runBeforeRender", source: https://service-test.nci.nih.gov/scripts/sn/concourse/js_includes_concourse.jsx?v=07-05-2021_0913&lp=Mon_Aug_23_06_21_28_PDT_2021&c=33_773 (23522)
[0914/172645.043835:INFO:CONSOLE(23522)] "runAfterAllLoaded, functions: 18", source: https://service-test.nci.nih.gov/scripts/sn/concourse/js_includes_concourse.jsx?v=07-05-2021_0913&lp=Mon_Aug_23_06_21_28_PDT_2021&c=33_773 (23522)
[0914/172645.064106:INFO:CONSOLE(23522)] "fireAllChangeHandlers start", source: https://service-test.nci.nih.gov/scripts/sn/concourse/js_includes_concourse.jsx?v=07-05-2021_0913&lp=Mon_Aug_23_06_21_28_PDT_2021&c=33_773 (23522)
[0914/172645.064232:INFO:CONSOLE(23522)] "fireAllChangeHandlers end", source: https://service-test.nci.nih.gov/scripts/sn/concourse/js_includes_concourse.jsx?v=07-05-2021_0913&lp=Mon_Aug_23_06_21_28_PDT_2021&c=33_773 (23522)
[0914/172645.064306:INFO:CONSOLE(23522)] "late load functions: 5", source: https://service-test.nci.nih.gov/scripts/sn/concourse/js_includes_concourse.jsx?v=07-05-2021_0913&lp=Mon_Aug_23_06_21_28_PDT_2021&c=33_773 (23522)
[0914/172645.064610:INFO:CONSOLE(23522)] "Clearing event handlers reference cache", source: https://service-test.nci.nih.gov/scripts/sn/concourse/js_includes_concourse.jsx?v=07-05-2021_0913&lp=Mon_Aug_23_06_21_28_PDT_2021&c=33_773 (23522)
[0914/172645.064708:INFO:CONSOLE(23522)] "[00:00:00.021] runAfterAllLoaded finished", source: https://service-test.nci.nih.gov/scripts/sn/concourse/js_includes_concourse.jsx?v=07-05-2021_0913&lp=Mon_Aug_23_06_21_28_PDT_2021&c=33_773 (23522)
[0914/172645.069105:INFO:CONSOLE(156)] "+-- Parse times", source: https://service-test.nci.nih.gov/sys_email_list.do?sysparm_userpref_module=0271f5510a0a0b6100921bb97ead33ac&sysparm_view=sent&sysparm_query=mailbox%3Dsent%5Esys_created_onONToday%40javascript%3Ags.daysAgoStart%280%29%40javascript%3Ags.daysAgoEnd%280%29%5EEQ&sysparm_clear_stack=true (156)
[0914/172645.069218:INFO:CONSOLE(157)] "| CSS parse: 8.400000005960464", source: https://service-test.nci.nih.gov/sys_email_list.do?sysparm_userpref_module=0271f5510a0a0b6100921bb97ead33ac&sysparm_view=sent&sysparm_query=mailbox%3Dsent%5Esys_created_onONToday%40javascript%3Ags.daysAgoStart%280%29%40javascript%3Ags.daysAgoEnd%280%29%5EEQ&sysparm_clear_stack=true (157)
[0914/172645.069295:INFO:CONSOLE(158)] "| JS  doctype: 64", source: https://service-test.nci.nih.gov/sys_email_list.do?sysparm_userpref_module=0271f5510a0a0b6100921bb97ead33ac&sysparm_view=sent&sysparm_query=mailbox%3Dsent%5Esys_created_onONToday%40javascript%3Ags.daysAgoStart%280%29%40javascript%3Ags.daysAgoEnd%280%29%5EEQ&sysparm_clear_stack=true (158)
[0914/172645.069363:INFO:CONSOLE(159)] "| JS at end of page: 33.20000000298023", source: https://service-test.nci.nih.gov/sys_email_list.do?sysparm_userpref_module=0271f5510a0a0b6100921bb97ead33ac&sysparm_view=sent&sysparm_query=mailbox%3Dsent%5Esys_created_onONToday%40javascript%3Ags.daysAgoStart%280%29%40javascript%3Ags.daysAgoEnd%280%29%5EEQ&sysparm_clear_stack=true (159)
[0914/172645.069424:INFO:CONSOLE(160)] "+-- All parsing: 105.6000000089407", source: https://service-test.nci.nih.gov/sys_email_list.do?sysparm_userpref_module=0271f5510a0a0b6100921bb97ead33ac&sysparm_view=sent&sysparm_query=mailbox%3Dsent%5Esys_created_onONToday%40javascript%3Ags.daysAgoStart%280%29%40javascript%3Ags.daysAgoEnd%280%29%5EEQ&sysparm_clear_stack=true (160)
[0914/172645.102134:INFO:CONSOLE(23522)] "after page loaded starting", source: https://service-test.nci.nih.gov/scripts/sn/concourse/js_includes_concourse.jsx?v=07-05-2021_0913&lp=Mon_Aug_23_06_21_28_PDT_2021&c=33_773 (23522)
[0914/172645.106149:INFO:CONSOLE(23522)] "[00:00:00.003] GwtListEditor onTableLoad, tables examined: 1", source: https://service-test.nci.nih.gov/scripts/sn/concourse/js_includes_concourse.jsx?v=07-05-2021_0913&lp=Mon_Aug_23_06_21_28_PDT_2021&c=33_773 (23522)
[0914/172645.111484:INFO:CONSOLE(23522)] "[00:00:00.009] after page loaded complete, functions called: 6", source: https://service-test.nci.nih.gov/scripts/sn/concourse/js_includes_concourse.jsx?v=07-05-2021_0913&lp=Mon_Aug_23_06_21_28_PDT_2021&c=33_773 (23522)
[0914/172645.189161:INFO:CONSOLE(23522)] "[00:00:00.004] Reclone headers", source: https://service-test.nci.nih.gov/scripts/sn/concourse/js_includes_concourse.jsx?v=07-05-2021_0913&lp=Mon_Aug_23_06_21_28_PDT_2021&c=33_773 (23522)
[0914/172653.399567:INFO:CONSOLE(23522)] "Unloaded table does not match current table sys_email", source: https://service-test.nci.nih.gov/scripts/sn/concourse/js_includes_concourse.jsx?v=07-05-2021_0913&lp=Mon_Aug_23_06_21_28_PDT_2021&c=33_773 (23522)
[0914/172653.469554:INFO:CONSOLE(2788)] "Uncaught ReferenceError: angular is not defined", source: https://service-test.nci.nih.gov/scripts/js_includes_customer.jsx?v=07-05-2021_0913&lp=Mon_Aug_23_06_21_28_PDT_2021&c=33_773 (2788)
[0914/172653.513002:INFO:CONSOLE(23522)] "running inline scripts, count: 0", source: https://service-test.nci.nih.gov/scripts/sn/concourse/js_includes_concourse.jsx?v=07-05-2021_0913&lp=Mon_Aug_23_06_21_28_PDT_2021&c=33_773 (23522)
[0914/172653.513121:INFO:CONSOLE(23522)] "runBeforeRender", source: https://service-test.nci.nih.gov/scripts/sn/concourse/js_includes_concourse.jsx?v=07-05-2021_0913&lp=Mon_Aug_23_06_21_28_PDT_2021&c=33_773 (23522)
[0914/172653.514810:INFO:CONSOLE(23522)] "runAfterAllLoaded, functions: 18", source: https://service-test.nci.nih.gov/scripts/sn/concourse/js_includes_concourse.jsx?v=07-05-2021_0913&lp=Mon_Aug_23_06_21_28_PDT_2021&c=33_773 (23522)
[0914/172653.527199:INFO:CONSOLE(23522)] "fireAllChangeHandlers start", source: https://service-test.nci.nih.gov/scripts/sn/concourse/js_includes_concourse.jsx?v=07-05-2021_0913&lp=Mon_Aug_23_06_21_28_PDT_2021&c=33_773 (23522)
[0914/172653.527316:INFO:CONSOLE(23522)] "fireAllChangeHandlers end", source: https://service-test.nci.nih.gov/scripts/sn/concourse/js_includes_concourse.jsx?v=07-05-2021_0913&lp=Mon_Aug_23_06_21_28_PDT_2021&c=33_773 (23522)
[0914/172653.527384:INFO:CONSOLE(23522)] "late load functions: 5", source: https://service-test.nci.nih.gov/scripts/sn/concourse/js_includes_concourse.jsx?v=07-05-2021_0913&lp=Mon_Aug_23_06_21_28_PDT_2021&c=33_773 (23522)
[0914/172653.527641:INFO:CONSOLE(23522)] "Clearing event handlers reference cache", source: https://service-test.nci.nih.gov/scripts/sn/concourse/js_includes_concourse.jsx?v=07-05-2021_0913&lp=Mon_Aug_23_06_21_28_PDT_2021&c=33_773 (23522)
[0914/172653.527744:INFO:CONSOLE(23522)] "[00:00:00.013] runAfterAllLoaded finished", source: https://service-test.nci.nih.gov/scripts/sn/concourse/js_includes_concourse.jsx?v=07-05-2021_0913&lp=Mon_Aug_23_06_21_28_PDT_2021&c=33_773 (23522)
[0914/172653.530429:INFO:CONSOLE(156)] "+-- Parse times", source: https://service-test.nci.nih.gov/sys_email_list.do?sysparm_first_row=1&sysparm_query=mailbox%3dsent%5esys_created_onONToday%40javascript%3ags.beginningOfToday()%40javascript%3ags.endOfToday()%5eGOTOrecipientsSTARTSWITHtest20210914172514%40email.com&sysparm_query_encoded=mailbox%3dsent%5esys_created_onONToday%40javascript%3ags.beginningOfToday()%40javascript%3ags.endOfToday()%5eGOTOrecipientsSTARTSWITHtest20210914172514%40email.com&sysparm_view=sent (156)
[0914/172653.530526:INFO:CONSOLE(157)] "| CSS parse: 6.200000002980232", source: https://service-test.nci.nih.gov/sys_email_list.do?sysparm_first_row=1&sysparm_query=mailbox%3dsent%5esys_created_onONToday%40javascript%3ags.beginningOfToday()%40javascript%3ags.endOfToday()%5eGOTOrecipientsSTARTSWITHtest20210914172514%40email.com&sysparm_query_encoded=mailbox%3dsent%5esys_created_onONToday%40javascript%3ags.beginningOfToday()%40javascript%3ags.endOfToday()%5eGOTOrecipientsSTARTSWITHtest20210914172514%40email.com&sysparm_view=sent (157)
[0914/172653.530611:INFO:CONSOLE(158)] "| JS  doctype: 55.5", source: https://service-test.nci.nih.gov/sys_email_list.do?sysparm_first_row=1&sysparm_query=mailbox%3dsent%5esys_created_onONToday%40javascript%3ags.beginningOfToday()%40javascript%3ags.endOfToday()%5eGOTOrecipientsSTARTSWITHtest20210914172514%40email.com&sysparm_query_encoded=mailbox%3dsent%5esys_created_onONToday%40javascript%3ags.beginningOfToday()%40javascript%3ags.endOfToday()%5eGOTOrecipientsSTARTSWITHtest20210914172514%40email.com&sysparm_view=sent (158)
[0914/172653.530675:INFO:CONSOLE(159)] "| JS at end of page: 14.5", source: https://service-test.nci.nih.gov/sys_email_list.do?sysparm_first_row=1&sysparm_query=mailbox%3dsent%5esys_created_onONToday%40javascript%3ags.beginningOfToday()%40javascript%3ags.endOfToday()%5eGOTOrecipientsSTARTSWITHtest20210914172514%40email.com&sysparm_query_encoded=mailbox%3dsent%5esys_created_onONToday%40javascript%3ags.beginningOfToday()%40javascript%3ags.endOfToday()%5eGOTOrecipientsSTARTSWITHtest20210914172514%40email.com&sysparm_view=sent (159)
[0914/172653.530737:INFO:CONSOLE(160)] "+-- All parsing: 76.20000000298023", source: https://service-test.nci.nih.gov/sys_email_list.do?sysparm_first_row=1&sysparm_query=mailbox%3dsent%5esys_created_onONToday%40javascript%3ags.beginningOfToday()%40javascript%3ags.endOfToday()%5eGOTOrecipientsSTARTSWITHtest20210914172514%40email.com&sysparm_query_encoded=mailbox%3dsent%5esys_created_onONToday%40javascript%3ags.beginningOfToday()%40javascript%3ags.endOfToday()%5eGOTOrecipientsSTARTSWITHtest20210914172514%40email.com&sysparm_view=sent (160)
[0914/172653.560381:INFO:CONSOLE(23522)] "after page loaded starting", source: https://service-test.nci.nih.gov/scripts/sn/concourse/js_includes_concourse.jsx?v=07-05-2021_0913&lp=Mon_Aug_23_06_21_28_PDT_2021&c=33_773 (23522)
[0914/172653.562493:INFO:CONSOLE(23522)] "[00:00:00.002] GwtListEditor onTableLoad, tables examined: 1", source: https://service-test.nci.nih.gov/scripts/sn/concourse/js_includes_concourse.jsx?v=07-05-2021_0913&lp=Mon_Aug_23_06_21_28_PDT_2021&c=33_773 (23522)
[0914/172653.566407:INFO:CONSOLE(23522)] "[00:00:00.006] after page loaded complete, functions called: 6", source: https://service-test.nci.nih.gov/scripts/sn/concourse/js_includes_concourse.jsx?v=07-05-2021_0913&lp=Mon_Aug_23_06_21_28_PDT_2021&c=33_773 (23522)
[0914/172653.641195:INFO:CONSOLE(23522)] "[00:00:00.003] Reclone headers", source: https://service-test.nci.nih.gov/scripts/sn/concourse/js_includes_concourse.jsx?v=07-05-2021_0913&lp=Mon_Aug_23_06_21_28_PDT_2021&c=33_773 (23522)
[0914/172656.333965:INFO:CONSOLE(23522)] "[00:00:00.000] GwtListEditor onTableLoad, tables examined: 1", source: https://service-test.nci.nih.gov/scripts/sn/concourse/js_includes_concourse.jsx?v=07-05-2021_0913&lp=Mon_Aug_23_06_21_28_PDT_2021&c=33_773 (23522)
[0914/172656.429751:INFO:CONSOLE(23522)] "[00:00:00.003] Reclone headers", source: https://service-test.nci.nih.gov/scripts/sn/concourse/js_includes_concourse.jsx?v=07-05-2021_0913&lp=Mon_Aug_23_06_21_28_PDT_2021&c=33_773 (23522)
[0914/172658.459267:INFO:CONSOLE(23522)] "[00:00:00.001] GwtListEditor onTableLoad, tables examined: 2", source: https://service-test.nci.nih.gov/scripts/sn/concourse/js_includes_concourse.jsx?v=07-05-2021_0913&lp=Mon_Aug_23_06_21_28_PDT_2021&c=33_773 (23522)
[0914/172658.592365:INFO:CONSOLE(23522)] "[00:00:00.003] Reclone headers", source: https://service-test.nci.nih.gov/scripts/sn/concourse/js_includes_concourse.jsx?v=07-05-2021_0913&lp=Mon_Aug_23_06_21_28_PDT_2021&c=33_773 (23522)
[0914/172658.594341:INFO:CONSOLE(23522)] "[00:00:00.002] Reclone headers", source: https://service-test.nci.nih.gov/scripts/sn/concourse/js_includes_concourse.jsx?v=07-05-2021_0913&lp=Mon_Aug_23_06_21_28_PDT_2021&c=33_773 (23522)
[0914/172701.387511:INFO:CONSOLE(23522)] "Unloaded table does not match current table sys_email", source: https://service-test.nci.nih.gov/scripts/sn/concourse/js_includes_concourse.jsx?v=07-05-2021_0913&lp=Mon_Aug_23_06_21_28_PDT_2021&c=33_773 (23522)
[0914/172701.646336:INFO:CONSOLE(2788)] "Uncaught ReferenceError: angular is not defined", source: https://service-test.nci.nih.gov/scripts/js_includes_customer.jsx?v=07-05-2021_0913&lp=Mon_Aug_23_06_21_28_PDT_2021&c=33_773 (2788)
[0914/172701.668742:INFO:CONSOLE(23522)] "added render event for ui_policy_onLoad", source: https://service-test.nci.nih.gov/scripts/sn/concourse/js_includes_concourse.jsx?v=07-05-2021_0913&lp=Mon_Aug_23_06_21_28_PDT_2021&c=33_773 (23522)
[0914/172701.669172:INFO:CONSOLE(23522)] "[00:00:00.020] form rendered", source: https://service-test.nci.nih.gov/scripts/sn/concourse/js_includes_concourse.jsx?v=07-05-2021_0913&lp=Mon_Aug_23_06_21_28_PDT_2021&c=33_773 (23522)
[0914/172701.963489:INFO:CONSOLE(23522)] "running inline scripts, count: 0", source: https://service-test.nci.nih.gov/scripts/sn/concourse/js_includes_concourse.jsx?v=07-05-2021_0913&lp=Mon_Aug_23_06_21_28_PDT_2021&c=33_773 (23522)
[0914/172701.963604:INFO:CONSOLE(23522)] "runBeforeRender", source: https://service-test.nci.nih.gov/scripts/sn/concourse/js_includes_concourse.jsx?v=07-05-2021_0913&lp=Mon_Aug_23_06_21_28_PDT_2021&c=33_773 (23522)
[0914/172701.966757:INFO:CONSOLE(23522)] "[00:00:00.000] onLoad calcReturn", source: https://service-test.nci.nih.gov/scripts/sn/concourse/js_includes_concourse.jsx?v=07-05-2021_0913&lp=Mon_Aug_23_06_21_28_PDT_2021&c=33_773 (23522)
[0914/172701.969844:INFO:CONSOLE(23522)] "[00:00:00.003] ui_policy loaded", source: https://service-test.nci.nih.gov/scripts/sn/concourse/js_includes_concourse.jsx?v=07-05-2021_0913&lp=Mon_Aug_23_06_21_28_PDT_2021&c=33_773 (23522)
[0914/172701.970762:INFO:CONSOLE(23522)] "runAfterAllLoaded, functions: 17", source: https://service-test.nci.nih.gov/scripts/sn/concourse/js_includes_concourse.jsx?v=07-05-2021_0913&lp=Mon_Aug_23_06_21_28_PDT_2021&c=33_773 (23522)
[0914/172701.983477:INFO:CONSOLE(23522)] "fireAllChangeHandlers start", source: https://service-test.nci.nih.gov/scripts/sn/concourse/js_includes_concourse.jsx?v=07-05-2021_0913&lp=Mon_Aug_23_06_21_28_PDT_2021&c=33_773 (23522)
[0914/172701.983704:INFO:CONSOLE(23522)] "fireAllChangeHandlers end", source: https://service-test.nci.nih.gov/scripts/sn/concourse/js_includes_concourse.jsx?v=07-05-2021_0913&lp=Mon_Aug_23_06_21_28_PDT_2021&c=33_773 (23522)
[0914/172701.985771:INFO:CONSOLE(23522)] "late load functions: 7", source: https://service-test.nci.nih.gov/scripts/sn/concourse/js_includes_concourse.jsx?v=07-05-2021_0913&lp=Mon_Aug_23_06_21_28_PDT_2021&c=33_773 (23522)
[0914/172701.987130:INFO:CONSOLE(7986)] "Compiling in AngularBootstrapper.js [object HTMLElement]", source: https://service-test.nci.nih.gov/scripts/doctype/js_includes_last_doctype.jsx?v=07-05-2021_0913&lp=Mon_Aug_23_06_21_28_PDT_2021&c=33_773 (7986)
[0914/172701.997275:INFO:CONSOLE(23522)] "Clearing event handlers reference cache", source: https://service-test.nci.nih.gov/scripts/sn/concourse/js_includes_concourse.jsx?v=07-05-2021_0913&lp=Mon_Aug_23_06_21_28_PDT_2021&c=33_773 (23522)
[0914/172701.997393:INFO:CONSOLE(23522)] "[00:00:00.027] runAfterAllLoaded finished", source: https://service-test.nci.nih.gov/scripts/sn/concourse/js_includes_concourse.jsx?v=07-05-2021_0913&lp=Mon_Aug_23_06_21_28_PDT_2021&c=33_773 (23522)
[0914/172701.999937:INFO:CONSOLE(156)] "+-- Parse times", source: https://service-test.nci.nih.gov/sys_email.do?sys_id=8905dfda1b6a7854cc42ddb6bc4bcbcf&sysparm_view=sent&sysparm_record_target=sys_email&sysparm_record_row=1&sysparm_record_list=mailbox%3Dsent%5Esys_created_onONToday%40javascript%3Ags.beginningOfToday%28%29%40javascript%3Ags.endOfToday%28%29%5ErecipientsSTARTSWITHtest20210914172514%40email.com%5EORDERBYDESCsys_created_on&sysparm_record_rows=1 (156)
[0914/172702.000042:INFO:CONSOLE(157)] "| CSS parse: 187.90000000596046", source: https://service-test.nci.nih.gov/sys_email.do?sys_id=8905dfda1b6a7854cc42ddb6bc4bcbcf&sysparm_view=sent&sysparm_record_target=sys_email&sysparm_record_row=1&sysparm_record_list=mailbox%3Dsent%5Esys_created_onONToday%40javascript%3Ags.beginningOfToday%28%29%40javascript%3Ags.endOfToday%28%29%5ErecipientsSTARTSWITHtest20210914172514%40email.com%5EORDERBYDESCsys_created_on&sysparm_record_rows=1 (157)
[0914/172702.000130:INFO:CONSOLE(158)] "| JS  doctype: 62", source: https://service-test.nci.nih.gov/sys_email.do?sys_id=8905dfda1b6a7854cc42ddb6bc4bcbcf&sysparm_view=sent&sysparm_record_target=sys_email&sysparm_record_row=1&sysparm_record_list=mailbox%3Dsent%5Esys_created_onONToday%40javascript%3Ags.beginningOfToday%28%29%40javascript%3Ags.endOfToday%28%29%5ErecipientsSTARTSWITHtest20210914172514%40email.com%5EORDERBYDESCsys_created_on&sysparm_record_rows=1 (158)
[0914/172702.000263:INFO:CONSOLE(159)] "| JS at end of page: 263.59999999403954", source: https://service-test.nci.nih.gov/sys_email.do?sys_id=8905dfda1b6a7854cc42ddb6bc4bcbcf&sysparm_view=sent&sysparm_record_target=sys_email&sysparm_record_row=1&sysparm_record_list=mailbox%3Dsent%5Esys_created_onONToday%40javascript%3Ags.beginningOfToday%28%29%40javascript%3Ags.endOfToday%28%29%5ErecipientsSTARTSWITHtest20210914172514%40email.com%5EORDERBYDESCsys_created_on&sysparm_record_rows=1 (159)
[0914/172702.000349:INFO:CONSOLE(160)] "+-- All parsing: 513.5", source: https://service-test.nci.nih.gov/sys_email.do?sys_id=8905dfda1b6a7854cc42ddb6bc4bcbcf&sysparm_view=sent&sysparm_record_target=sys_email&sysparm_record_row=1&sysparm_record_list=mailbox%3Dsent%5Esys_created_onONToday%40javascript%3Ags.beginningOfToday%28%29%40javascript%3Ags.endOfToday%28%29%5ErecipientsSTARTSWITHtest20210914172514%40email.com%5EORDERBYDESCsys_created_on&sysparm_record_rows=1 (160)
[0914/172702.010114:INFO:CONSOLE(3287)] "amb.MessageClient [INFO] >>> connection exists, request satisfied", source: https://service-test.nci.nih.gov/scripts/sn/concourse/js_includes_concourse.jsx?v=07-05-2021_0913&lp=Mon_Aug_23_06_21_28_PDT_2021&c=33_773 (3287)
[0914/172702.016629:INFO:CONSOLE(122)] ">>> init sys_email?sys_id=8905dfda1b6a7854cc42ddb6bc4bcbcf", source: https://service-test.nci.nih.gov/scripts/js_includes_ui16_form.jsx?v=07-05-2021_0913&lp=Mon_Aug_23_06_21_28_PDT_2021&c=33_773 (122)
[0914/172702.017731:INFO:CONSOLE(3287)] "amb.MessageClient [INFO] >>> connection exists, request satisfied", source: https://service-test.nci.nih.gov/scripts/sn/concourse/js_includes_concourse.jsx?v=07-05-2021_0913&lp=Mon_Aug_23_06_21_28_PDT_2021&c=33_773 (3287)
[0914/172702.028754:INFO:CONSOLE(23522)] "after page loaded starting", source: https://service-test.nci.nih.gov/scripts/sn/concourse/js_includes_concourse.jsx?v=07-05-2021_0913&lp=Mon_Aug_23_06_21_28_PDT_2021&c=33_773 (23522)
[0914/172702.032603:INFO:CONSOLE(23522)] "[00:00:00.004] after page loaded complete, functions called: 8", source: https://service-test.nci.nih.gov/scripts/sn/concourse/js_includes_concourse.jsx?v=07-05-2021_0913&lp=Mon_Aug_23_06_21_28_PDT_2021&c=33_773 (23522)
[0914/172702.488019:INFO:CONSOLE(23522)] "[00:00:00.002] GwtListEditor onTableLoad, tables examined: 2", source: https://service-test.nci.nih.gov/scripts/sn/concourse/js_includes_concourse.jsx?v=07-05-2021_0913&lp=Mon_Aug_23_06_21_28_PDT_2021&c=33_773 (23522)
[0914/172702.500026:INFO:CONSOLE(23522)] "[00:00:00.000] GwtListEditor onTableLoad, tables examined: 2", source: https://service-test.nci.nih.gov/scripts/sn/concourse/js_includes_concourse.jsx?v=07-05-2021_0913&lp=Mon_Aug_23_06_21_28_PDT_2021&c=33_773 (23522)
[0914/172706.125966:INFO:CONSOLE(23522)] "dirty form focus", source: https://service-test.nci.nih.gov/scripts/sn/concourse/js_includes_concourse.jsx?v=07-05-2021_0913&lp=Mon_Aug_23_06_21_28_PDT_2021&c=33_773 (23522)
[0914/172706.200175:INFO:CONSOLE(23522)] "[00:00:00.070] *** WARNING *** GlideAjax.getXMLWait - synchronous function - processor: AJAXGlideRecord", source: https://service-test.nci.nih.gov/scripts/sn/concourse/js_includes_concourse.jsx?v=07-05-2021_0913&lp=Mon_Aug_23_06_21_28_PDT_2021&c=33_773 (23522)
[0914/172706.200361:INFO:CONSOLE(15533)] "%c *** WARNING *** GlideAjax.getXMLWait - synchronous function - processor: AJAXGlideRecord background: darkred; color: white;", source: https://service-test.nci.nih.gov/scripts/doctype/js_includes_doctype.jsx?v=07-05-2021_0913&lp=Mon_Aug_23_06_21_28_PDT_2021&c=33_773 (15533)
[0914/172706.200789:INFO:CONSOLE(23522)] "[00:00:00.071] *** WARNING *** GlideRecord synchronous query for table: sys_email", source: https://service-test.nci.nih.gov/scripts/sn/concourse/js_includes_concourse.jsx?v=07-05-2021_0913&lp=Mon_Aug_23_06_21_28_PDT_2021&c=33_773 (23522)
[0914/172709.293336:INFO:CONSOLE(1)] "Uncaught Error: only one instance of babel-polyfill is allowed", source: https://cdnjs.cloudflare.com/ajax/libs/babel-polyfill/6.26.0/polyfill.min.js (1)
[0914/172709.562619:INFO:CONSOLE(911)] "amb.MessageClient [INFO] >>> connection exists, request satisfied", source: https://service-test.nci.nih.gov/scripts/js_includes_sp.jsx?v=07-05-2021_0913&lp=Mon_Aug_23_06_21_28_PDT_2021&c=33_773 (911)
[0914/172709.799403:INFO:CONSOLE(5938)] "User [object Object]", source: https://service-test.nci.nih.gov/scripts/js_includes_sp_libs.jsx?v=07-05-2021_0913&lp=Mon_Aug_23_06_21_28_PDT_2021&c=33_773 (5938)
[0914/172709.799555:INFO:CONSOLE(5938)] "Tier P true", source: https://service-test.nci.nih.gov/scripts/js_includes_sp_libs.jsx?v=07-05-2021_0913&lp=Mon_Aug_23_06_21_28_PDT_2021&c=33_773 (5938)
[0914/172709.799614:INFO:CONSOLE(5938)] "Tier N true", source: https://service-test.nci.nih.gov/scripts/js_includes_sp_libs.jsx?v=07-05-2021_0913&lp=Mon_Aug_23_06_21_28_PDT_2021&c=33_773 (5938)
[0914/172709.799666:INFO:CONSOLE(5938)] "Tier 1 false", source: https://service-test.nci.nih.gov/scripts/js_includes_sp_libs.jsx?v=07-05-2021_0913&lp=Mon_Aug_23_06_21_28_PDT_2021&c=33_773 (5938)
[0914/172709.799727:INFO:CONSOLE(5938)] "Tier 2 false", source: https://service-test.nci.nih.gov/scripts/js_includes_sp_libs.jsx?v=07-05-2021_0913&lp=Mon_Aug_23_06_21_28_PDT_2021&c=33_773 (5938)
[0914/172709.799777:INFO:CONSOLE(5938)] "Tier 3 false", source: https://service-test.nci.nih.gov/scripts/js_includes_sp_libs.jsx?v=07-05-2021_0913&lp=Mon_Aug_23_06_21_28_PDT_2021&c=33_773 (5938)
[0914/172751.266259:INFO:CONSOLE(1)] "Uncaught Error: only one instance of babel-polyfill is allowed", source: https://cdnjs.cloudflare.com/ajax/libs/babel-polyfill/6.26.0/polyfill.min.js (1)
[0914/172751.476092:INFO:CONSOLE(911)] "amb.MessageClient [INFO] >>> connection exists, request satisfied", source: https://service-test.nci.nih.gov/scripts/js_includes_sp.jsx?v=07-05-2021_0913&lp=Mon_Aug_23_06_21_28_PDT_2021&c=33_773 (911)
